c:\users\pc\documents\github\mecagoenmismuertos3\proyecto\tpv2\tpv2\x64\debug\vc143.pdb
c:\users\pc\documents\github\mecagoenmismuertos3\proyecto\tpv2\tpv2\x64\debug\vc143.idb
c:\users\pc\documents\github\mecagoenmismuertos3\proyecto\tpv2\tpv2\x64\debug\playstate.obj
c:\users\pc\documents\github\mecagoenmismuertos3\proyecto\tpv2\tpv2\x64\debug\pausestate.obj
c:\users\pc\documents\github\mecagoenmismuertos3\proyecto\tpv2\tpv2\x64\debug\netsystem.obj
c:\users\pc\documents\github\mecagoenmismuertos3\proyecto\tpv2\tpv2\x64\debug\netmessage.obj
c:\users\pc\documents\github\mecagoenmismuertos3\proyecto\tpv2\tpv2\x64\debug\multiplayerstate.obj
c:\users\pc\documents\github\mecagoenmismuertos3\proyecto\tpv2\tpv2\x64\debug\message.obj
c:\users\pc\documents\github\mecagoenmismuertos3\proyecto\tpv2\tpv2\x64\debug\manager.obj
c:\users\pc\documents\github\mecagoenmismuertos3\proyecto\tpv2\tpv2\x64\debug\mainmenustate.obj
c:\users\pc\documents\github\mecagoenmismuertos3\proyecto\tpv2\tpv2\x64\debug\image.obj
c:\users\pc\documents\github\mecagoenmismuertos3\proyecto\tpv2\tpv2\x64\debug\health.obj
c:\users\pc\documents\github\mecagoenmismuertos3\proyecto\tpv2\tpv2\x64\debug\gamestatemachine.obj
c:\users\pc\documents\github\mecagoenmismuertos3\proyecto\tpv2\tpv2\x64\debug\gamectrlsystem.obj
c:\users\pc\documents\github\mecagoenmismuertos3\proyecto\tpv2\tpv2\x64\debug\game.obj
c:\users\pc\documents\github\mecagoenmismuertos3\proyecto\tpv2\tpv2\x64\debug\framedimage.obj
c:\users\pc\documents\github\mecagoenmismuertos3\proyecto\tpv2\tpv2\x64\debug\follow.obj
c:\users\pc\documents\github\mecagoenmismuertos3\proyecto\tpv2\tpv2\x64\debug\fightersystem.obj
c:\users\pc\documents\github\mecagoenmismuertos3\proyecto\tpv2\tpv2\x64\debug\entity.obj
c:\users\pc\documents\github\mecagoenmismuertos3\proyecto\tpv2\tpv2\x64\debug\collisionsystem.obj
c:\users\pc\documents\github\mecagoenmismuertos3\proyecto\tpv2\tpv2\x64\debug\bulletsystem.obj
c:\users\pc\documents\github\mecagoenmismuertos3\proyecto\tpv2\tpv2\x64\debug\asteroidssystem.obj
c:\users\pc\documents\github\mecagoenmismuertos3\proyecto\tpv2\tpv2\x64\debug\transform.obj
c:\users\pc\documents\github\mecagoenmismuertos3\proyecto\tpv2\tpv2\x64\debug\system.obj
c:\users\pc\documents\github\mecagoenmismuertos3\proyecto\tpv2\tpv2\x64\debug\vector2d.obj
c:\users\pc\documents\github\mecagoenmismuertos3\proyecto\tpv2\tpv2\x64\debug\collisions.obj
c:\users\pc\documents\github\mecagoenmismuertos3\proyecto\tpv2\tpv2\x64\debug\texture.obj
c:\users\pc\documents\github\mecagoenmismuertos3\proyecto\tpv2\tpv2\x64\debug\soundeffect.obj
c:\users\pc\documents\github\mecagoenmismuertos3\proyecto\tpv2\tpv2\x64\debug\sdlutils_demo.obj
c:\users\pc\documents\github\mecagoenmismuertos3\proyecto\tpv2\tpv2\x64\debug\sdlutils.obj
c:\users\pc\documents\github\mecagoenmismuertos3\proyecto\tpv2\tpv2\x64\debug\main.obj
c:\users\pc\documents\github\mecagoenmismuertos3\proyecto\tpv2\tpv2\x64\debug\json_demo.obj
c:\users\pc\documents\github\mecagoenmismuertos3\proyecto\tpv2\tpv2\x64\debug\jsonvalue.obj
c:\users\pc\documents\github\mecagoenmismuertos3\proyecto\tpv2\tpv2\x64\debug\json.obj
c:\users\pc\documents\github\mecagoenmismuertos3\proyecto\tpv2\tpv2\x64\debug\rendersystem.obj
c:\users\pc\documents\github\mecagoenmismuertos2\proyecto\tpv2\bin\tpv2debug.lib
c:\users\pc\documents\github\mecagoenmismuertos2\proyecto\tpv2\bin\tpv2debug.exp
c:\users\pc\documents\github\mecagoenmismuertos3\proyecto\tpv2\bin\tpv2debug.lib
c:\users\pc\documents\github\mecagoenmismuertos3\proyecto\tpv2\bin\tpv2debug.exp
e:\mecagoenmismuertos3\proyecto\tpv2\bin\tpv2debug.lib
e:\mecagoenmismuertos3\proyecto\tpv2\bin\tpv2debug.exp
c:\users\pc\documents\github\mecagoenmismuertos3\proyecto\tpv2\tpv2\x64\debug\tpv2debug.ilk
c:\users\pc\documents\github\mecagoenmismuertos3\proyecto\tpv2\bin\tpv2debug.exe
c:\users\pc\documents\github\mecagoenmismuertos3\proyecto\tpv2\bin\tpv2debug.pdb
c:\users\pc\documents\github\mecagoenmismuertos3\proyecto\tpv2\tpv2\x64\debug\tpv2.res
e:\mecagoenmismuertos3\proyecto\tpv2\tpv2\x64\debug\asteroidssystem.obj
e:\mecagoenmismuertos3\proyecto\tpv2\tpv2\x64\debug\bulletsystem.obj
e:\mecagoenmismuertos3\proyecto\tpv2\tpv2\x64\debug\collisions.obj
e:\mecagoenmismuertos3\proyecto\tpv2\tpv2\x64\debug\collisionsystem.obj
e:\mecagoenmismuertos3\proyecto\tpv2\tpv2\x64\debug\entity.obj
e:\mecagoenmismuertos3\proyecto\tpv2\tpv2\x64\debug\fighterinfo.obj
e:\mecagoenmismuertos3\proyecto\tpv2\tpv2\x64\debug\fightersystem.obj
e:\mecagoenmismuertos3\proyecto\tpv2\tpv2\x64\debug\follow.obj
e:\mecagoenmismuertos3\proyecto\tpv2\tpv2\x64\debug\framedimage.obj
e:\mecagoenmismuertos3\proyecto\tpv2\tpv2\x64\debug\game.obj
e:\mecagoenmismuertos3\proyecto\tpv2\tpv2\x64\debug\gamectrlsystem.obj
e:\mecagoenmismuertos3\proyecto\tpv2\tpv2\x64\debug\gamestatemachine.obj
e:\mecagoenmismuertos3\proyecto\tpv2\tpv2\x64\debug\health.obj
e:\mecagoenmismuertos3\proyecto\tpv2\tpv2\x64\debug\image.obj
e:\mecagoenmismuertos3\proyecto\tpv2\tpv2\x64\debug\json.obj
e:\mecagoenmismuertos3\proyecto\tpv2\tpv2\x64\debug\jsonvalue.obj
e:\mecagoenmismuertos3\proyecto\tpv2\tpv2\x64\debug\json_demo.obj
e:\mecagoenmismuertos3\proyecto\tpv2\tpv2\x64\debug\main.obj
e:\mecagoenmismuertos3\proyecto\tpv2\tpv2\x64\debug\mainmenustate.obj
e:\mecagoenmismuertos3\proyecto\tpv2\tpv2\x64\debug\manager.obj
e:\mecagoenmismuertos3\proyecto\tpv2\tpv2\x64\debug\message.obj
e:\mecagoenmismuertos3\proyecto\tpv2\tpv2\x64\debug\multiplayerstate.obj
e:\mecagoenmismuertos3\proyecto\tpv2\tpv2\x64\debug\netmessage.obj
e:\mecagoenmismuertos3\proyecto\tpv2\tpv2\x64\debug\netsystem.obj
e:\mecagoenmismuertos3\proyecto\tpv2\tpv2\x64\debug\pausestate.obj
e:\mecagoenmismuertos3\proyecto\tpv2\tpv2\x64\debug\playstate.obj
e:\mecagoenmismuertos3\proyecto\tpv2\tpv2\x64\debug\rendersystem.obj
e:\mecagoenmismuertos3\proyecto\tpv2\tpv2\x64\debug\sdlutils.obj
e:\mecagoenmismuertos3\proyecto\tpv2\tpv2\x64\debug\sdlutils_demo.obj
e:\mecagoenmismuertos3\proyecto\tpv2\tpv2\x64\debug\soundeffect.obj
e:\mecagoenmismuertos3\proyecto\tpv2\tpv2\x64\debug\system.obj
e:\mecagoenmismuertos3\proyecto\tpv2\tpv2\x64\debug\texture.obj
e:\mecagoenmismuertos3\proyecto\tpv2\tpv2\x64\debug\transform.obj
e:\mecagoenmismuertos3\proyecto\tpv2\tpv2\x64\debug\vector2d.obj
e:\mecagoenmismuertos3\proyecto\tpv2\tpv2\x64\debug\tpv2debug.ilk
e:\mecagoenmismuertos3\proyecto\tpv2\tpv2\x64\debug\tpv2.res
e:\mecagoenmismuertos3\proyecto\tpv2\tpv2\x64\debug\vc143.idb
e:\mecagoenmismuertos3\proyecto\tpv2\tpv2\x64\debug\vc143.pdb
e:\mecagoenmismuertos3\proyecto\tpv2\bin\tpv2debug.pdb
e:\mecagoenmismuertos3\proyecto\tpv2\bin\tpv2debug.exe
e:\mecagoenmismuertos3\proyecto\tpv2\tpv2\x64\debug\tpv2.tlog\cl.command.1.tlog
e:\mecagoenmismuertos3\proyecto\tpv2\tpv2\x64\debug\tpv2.tlog\cl.read.1.tlog
e:\mecagoenmismuertos3\proyecto\tpv2\tpv2\x64\debug\tpv2.tlog\cl.write.1.tlog
e:\mecagoenmismuertos3\proyecto\tpv2\tpv2\x64\debug\tpv2.tlog\link.command.1.tlog
e:\mecagoenmismuertos3\proyecto\tpv2\tpv2\x64\debug\tpv2.tlog\link.read.1.tlog
e:\mecagoenmismuertos3\proyecto\tpv2\tpv2\x64\debug\tpv2.tlog\link.write.1.tlog
e:\mecagoenmismuertos3\proyecto\tpv2\tpv2\x64\debug\tpv2.tlog\link.write.2u.tlog
e:\mecagoenmismuertos3\proyecto\tpv2\tpv2\x64\debug\tpv2.tlog\rc.command.1.tlog
e:\mecagoenmismuertos3\proyecto\tpv2\tpv2\x64\debug\tpv2.tlog\rc.read.1.tlog
e:\mecagoenmismuertos3\proyecto\tpv2\tpv2\x64\debug\tpv2.tlog\rc.write.1.tlog
